Dota_MarketPlace - 9/app/build/intermediates/manifest_merge_blame_file/debug/manifest-merger-blame-debug-report.txt
1<?xml version="1.0" encoding="utf-8"?>
2<manifest xmlns:android="http://schemas.android.com/apk/res/android"
3    package="com.example.registrationapps"
4    android:versionCode="1"
5    android:versionName="1.0" >
6
7    <uses-sdk
8        android:minSdkVersion="23"
8-->src/main/AndroidManifest.xml
9        android:targetSdkVersion="29" />
9-->src/main/AndroidManifest.xml
10
11    <uses-permission android:name="android.permission.INTERNET" />
11-->src/main/AndroidManifest.xml:5:5-67
11-->src/main/AndroidManifest.xml:5:22-64
12
13    <!-- Include required permissions for Google Maps API to run. -->
14    <uses-permission android:name="android.permission.ACCESS_NETWORK_STATE" />
14-->[com.google.android.gms:play-services-maps:16.1.0] AndroidManifest.xml:23:5-79
14-->[com.google.android.gms:play-services-maps:16.1.0] AndroidManifest.xml:23:22-76
15
16    <uses-feature
16-->[com.google.android.gms:play-services-maps:16.1.0] AndroidManifest.xml:26:5-28:35
17        android:glEsVersion="0x00020000"
17-->[com.google.android.gms:play-services-maps:16.1.0] AndroidManifest.xml:27:9-41
18        android:required="true" />
18-->[com.google.android.gms:play-services-maps:16.1.0] AndroidManifest.xml:28:9-32
19
20    <application
20-->src/main/AndroidManifest.xml:7:5-68:19
21        android:allowBackup="true"
21-->src/main/AndroidManifest.xml:8:9-35
22        android:appComponentFactory="androidx.core.app.CoreComponentFactory"
22-->[androidx.core:core:1.3.1] AndroidManifest.xml:24:18-86
23        android:debuggable="true"
24        android:extractNativeLibs="false"
25        android:hardwareAccelerated="false"
25-->src/main/AndroidManifest.xml:9:9-44
26        android:icon="@mipmap/ic_launcher"
26-->src/main/AndroidManifest.xml:11:9-43
27        android:label="@string/app_name"
27-->src/main/AndroidManifest.xml:12:9-41
28        android:largeHeap="true"
28-->src/main/AndroidManifest.xml:10:9-33
29        android:roundIcon="@mipmap/ic_launcher_round"
29-->src/main/AndroidManifest.xml:13:9-54
30        android:supportsRtl="true"
30-->src/main/AndroidManifest.xml:14:9-35
31        android:testOnly="true"
32        android:theme="@style/AppTheme" >
32-->src/main/AndroidManifest.xml:15:9-40
33        <activity android:name="com.example.DotaMarketPlace.historyForm" >
33-->src/main/AndroidManifest.xml:17:9-19:20
33-->src/main/AndroidManifest.xml:17:19-46
34        </activity>
35
36        <!-- MenuForm | Top up form -->
37        <activity
37-->src/main/AndroidManifest.xml:22:9-27:20
38            android:name="com.example.DotaMarketPlace.topUpForm"
38-->src/main/AndroidManifest.xml:23:13-38
39            android:parentActivityName="com.example.DotaMarketPlace.MenuForm" >
39-->src/main/AndroidManifest.xml:24:13-51
40        </activity>
41
42        <!-- MenuForm | Seller Location -->
43        <activity
43-->src/main/AndroidManifest.xml:30:9-35:20
44            android:name="com.example.DotaMarketPlace.SellerLocation"
44-->src/main/AndroidManifest.xml:31:13-43
45            android:parentActivityName="com.example.DotaMarketPlace.buyItem" >
45-->src/main/AndroidManifest.xml:32:13-50
46        </activity>
47
48        <!-- MenuForm | Buy item -->
49        <activity
49-->src/main/AndroidManifest.xml:38:9-43:20
50            android:name="com.example.DotaMarketPlace.buyItem"
50-->src/main/AndroidManifest.xml:39:13-36
51            android:parentActivityName="com.example.DotaMarketPlace.MenuForm" >
51-->src/main/AndroidManifest.xml:40:13-51
52        </activity>
53
54        <!-- Menu Form -->
55        <activity android:name="com.example.DotaMarketPlace.MenuForm" >
55-->src/main/AndroidManifest.xml:46:9-48:20
55-->src/main/AndroidManifest.xml:46:19-43
56        </activity>
57
58        <!-- Register -->
59        <activity android:name="com.example.DotaMarketPlace.Register" >
59-->src/main/AndroidManifest.xml:51:9-52:25
59-->src/main/AndroidManifest.xml:51:19-43
60        </activity>
61
62        <!-- Login -->
63
64        <activity
64-->src/main/AndroidManifest.xml:56:9-67:20
65            android:name="com.example.DotaMarketPlace.MainActivity"
65-->src/main/AndroidManifest.xml:57:13-41
66            android:label="@string/app_name"
66-->src/main/AndroidManifest.xml:58:13-45
67            android:theme="@style/AppTheme.NoActionBar" >
67-->src/main/AndroidManifest.xml:59:13-56
68            <intent-filter>
68-->src/main/AndroidManifest.xml:61:13-65:29
69                <action android:name="android.intent.action.MAIN" />
69-->src/main/AndroidManifest.xml:62:17-69
69-->src/main/AndroidManifest.xml:62:25-66
70
71                <category android:name="android.intent.category.LAUNCHER" />
71-->src/main/AndroidManifest.xml:64:17-77
71-->src/main/AndroidManifest.xml:64:27-74
72            </intent-filter>
73        </activity>
74        <!-- Needs to be explicitly declared on P+ -->
75        <uses-library
75-->[com.google.android.gms:play-services-maps:16.1.0] AndroidManifest.xml:33:9-35:40
76            android:name="org.apache.http.legacy"
76-->[com.google.android.gms:play-services-maps:16.1.0] AndroidManifest.xml:34:13-50
77            android:required="false" />
77-->[com.google.android.gms:play-services-maps:16.1.0] AndroidManifest.xml:35:13-37
78
79        <activity
79-->[com.google.android.gms:play-services-base:16.0.1] AndroidManifest.xml:23:9-26:75
80            android:name="com.google.android.gms.common.api.GoogleApiActivity"
80-->[com.google.android.gms:play-services-base:16.0.1] AndroidManifest.xml:24:13-79
81            android:exported="false"
81-->[com.google.android.gms:play-services-base:16.0.1] AndroidManifest.xml:25:13-37
82            android:theme="@android:style/Theme.Translucent.NoTitleBar" />
82-->[com.google.android.gms:play-services-base:16.0.1] AndroidManifest.xml:26:13-72
83
84        <meta-data
84-->[com.google.android.gms:play-services-basement:16.0.1] AndroidManifest.xml:23:9-25:69
85            android:name="com.google.android.gms.version"
85-->[com.google.android.gms:play-services-basement:16.0.1] AndroidManifest.xml:24:13-58
86            android:value="@integer/google_play_services_version" />
86-->[com.google.android.gms:play-services-basement:16.0.1] AndroidManifest.xml:25:13-66
87    </application>
88
89</manifest>